# JRE version: OpenJDK Runtime Environment Temurin-21.0.8+9 (21.0.8+9) (build 21.0.8+9-LTS)
# Java VM: OpenJDK 64-Bit Server VM Temurin-21.0.8+9 (21.0.8+9-LTS, mixed mode, sharing, tiered, compressed oops, compressed class ptrs, parallel gc, windows-amd64)
GC Precious Log:
 CardTable entry size: 512
 CPUs: 8 total, 8 available
 Memory: 7778M
 Large Page Support: Disabled
 NUMA Support: Disabled
 Compressed Oops: Enabled (32-bit)
 Alignments: Space 512K, Generation 512K, Heap 2M
 Heap Min Capacity: 100M
 Heap Initial Capacity: 100M
 Heap Max Capacity: 2G
 Pre-touch: Disabled
 Parallel Workers: 8
Heap:
 PSYoungGen      total 3584K, used 3203K [0x00000000d5580000, 0x00000000d5a00000, 0x0000000100000000)
  eden space 2560K, 99% used [0x00000000d5580000,0x00000000d57fff98,0x00000000d5800000)
  from space 1024K, 62% used [0x00000000d5900000,0x00000000d59a1018,0x00000000d5a00000)
  to   space 1024K, 81% used [0x00000000d5800000,0x00000000d58d08e8,0x00000000d5900000)
 ParOldGen       total 181760K, used 181578K [0x0000000080000000, 0x000000008b180000, 0x00000000d5580000)
  object space 181760K, 99% used [0x0000000080000000,0x000000008b152b00,0x000000008b180000)
 Metaspace       used 55968K, committed 57088K, reserved 1114112K
  class space    used 5878K, committed 6336K, reserved 1048576K
GC Heap History (20 events):
Event: 49.594 GC heap before
{Heap before GC invocations=98 (full 2):
 PSYoungGen      total 3584K, used 3230K [0x00000000d5580000, 0x00000000d5b00000, 0x0000000100000000)
  eden space 2560K, 99% used [0x00000000d5580000,0x00000000d57ff4f0,0x00000000d5800000)
  from space 1024K, 65% used [0x00000000d5800000,0x00000000d58a8550,0x00000000d5900000)
  to   space 1536K, 0% used [0x00000000d5980000,0x00000000d5980000,0x00000000d5b00000)
 ParOldGen       total 175616K, used 175440K [0x0000000080000000, 0x000000008ab80000, 0x00000000d5580000)
  object space 175616K, 99% used [0x0000000080000000,0x000000008ab54288,0x000000008ab80000)
 Metaspace       used 55597K, committed 56768K, reserved 1114112K
  class space    used 5848K, committed 6336K, reserved 1048576K
}
Event: 49.597 GC heap after
{Heap after GC invocations=98 (full 2):
 PSYoungGen      total 3584K, used 698K [0x00000000d5580000, 0x00000000d5a80000, 0x0000000100000000)
  eden space 2560K, 0% used [0x00000000d5580000,0x00000000d5580000,0x00000000d5800000)
  from space 1024K, 68% used [0x00000000d5980000,0x00000000d5a2eb00,0x00000000d5a80000)
  to   space 1024K, 0% used [0x00000000d5800000,0x00000000d5800000,0x00000000d5900000)
 ParOldGen       total 176128K, used 175935K [0x0000000080000000, 0x000000008ac00000, 0x00000000d5580000)
  object space 176128K, 99% used [0x0000000080000000,0x000000008abcfe98,0x000000008ac00000)
 Metaspace       used 55597K, committed 56768K, reserved 1114112K
  class space    used 5848K, committed 6336K, reserved 1048576K
}
Event: 49.632 GC heap before
{Heap before GC invocations=99 (full 2):
 PSYoungGen      total 3584K, used 3258K [0x00000000d5580000, 0x00000000d5a80000, 0x0000000100000000)
  eden space 2560K, 100% used [0x00000000d5580000,0x00000000d5800000,0x00000000d5800000)
  from space 1024K, 68% used [0x00000000d5980000,0x00000000d5a2eb00,0x00000000d5a80000)
  to   space 1024K, 0% used [0x00000000d5800000,0x00000000d5800000,0x00000000d5900000)
 ParOldGen       total 176128K, used 175935K [0x0000000080000000, 0x000000008ac00000, 0x00000000d5580000)
  object space 176128K, 99% used [0x0000000080000000,0x000000008abcfe98,0x000000008ac00000)
 Metaspace       used 55689K, committed 56832K, reserved 1114112K
  class space    used 5857K, committed 6336K, reserved 1048576K
}
Event: 49.634 GC heap after
{Heap after GC invocations=99 (full 2):
 PSYoungGen      total 3584K, used 648K [0x00000000d5580000, 0x00000000d5a00000, 0x0000000100000000)
  eden space 2560K, 0% used [0x00000000d5580000,0x00000000d5580000,0x00000000d5800000)
  from space 1024K, 63% used [0x00000000d5800000,0x00000000d58a2250,0x00000000d5900000)
  to   space 1024K, 0% used [0x00000000d5900000,0x00000000d5900000,0x00000000d5a00000)
 ParOldGen       total 176640K, used 176458K [0x0000000080000000, 0x000000008ac80000, 0x00000000d5580000)
  object space 176640K, 99% used [0x0000000080000000,0x000000008ac52bb8,0x000000008ac80000)
 Metaspace       used 55689K, committed 56832K, reserved 1114112K
  class space    used 5857K, committed 6336K, reserved 1048576K
}
Event: 49.664 GC heap before
{Heap before GC invocations=100 (full 2):
 PSYoungGen      total 3584K, used 3208K [0x00000000d5580000, 0x00000000d5a00000, 0x0000000100000000)
  eden space 2560K, 100% used [0x00000000d5580000,0x00000000d5800000,0x00000000d5800000)
  from space 1024K, 63% used [0x00000000d5800000,0x00000000d58a2250,0x00000000d5900000)
  to   space 1024K, 0% used [0x00000000d5900000,0x00000000d5900000,0x00000000d5a00000)
 ParOldGen       total 176640K, used 176458K [0x0000000080000000, 0x000000008ac80000, 0x00000000d5580000)
  object space 176640K, 99% used [0x0000000080000000,0x000000008ac52bb8,0x000000008ac80000)
 Metaspace       used 55778K, committed 56896K, reserved 1114112K
  class space    used 5866K, committed 6336K, reserved 1048576K
}
Event: 49.666 GC heap after
{Heap after GC invocations=100 (full 2):
 PSYoungGen      total 3584K, used 640K [0x00000000d5580000, 0x00000000d5a00000, 0x0000000100000000)
  eden space 2560K, 0% used [0x00000000d5580000,0x00000000d5580000,0x00000000d5800000)
  from space 1024K, 62% used [0x00000000d5900000,0x00000000d59a0000,0x00000000d5a00000)
  to   space 1024K, 0% used [0x00000000d5800000,0x00000000d5800000,0x00000000d5900000)
 ParOldGen       total 177152K, used 176981K [0x0000000080000000, 0x000000008ad00000, 0x00000000d5580000)
  object space 177152K, 99% used [0x0000000080000000,0x000000008acd55a0,0x000000008ad00000)
 Metaspace       used 55778K, committed 56896K, reserved 1114112K
  class space    used 5866K, committed 6336K, reserved 1048576K
}
Event: 49.692 GC heap before
{Heap before GC invocations=101 (full 2):
 PSYoungGen      total 3584K, used 3200K [0x00000000d5580000, 0x00000000d5a00000, 0x0000000100000000)
  eden space 2560K, 100% used [0x00000000d5580000,0x00000000d5800000,0x00000000d5800000)
  from space 1024K, 62% used [0x00000000d5900000,0x00000000d59a0000,0x00000000d5a00000)
  to   space 1024K, 0% used [0x00000000d5800000,0x00000000d5800000,0x00000000d5900000)
 ParOldGen       total 177152K, used 176981K [0x0000000080000000, 0x000000008ad00000, 0x00000000d5580000)
  object space 177152K, 99% used [0x0000000080000000,0x000000008acd55a0,0x000000008ad00000)
 Metaspace       used 55885K, committed 57024K, reserved 1114112K
  class space    used 5871K, committed 6336K, reserved 1048576K
}
Event: 49.695 GC heap after
{Heap after GC invocations=101 (full 2):
 PSYoungGen      total 3584K, used 602K [0x00000000d5580000, 0x00000000d5a00000, 0x0000000100000000)
  eden space 2560K, 0% used [0x00000000d5580000,0x00000000d5580000,0x00000000d5800000)
  from space 1024K, 58% used [0x00000000d5800000,0x00000000d5896b60,0x00000000d5900000)
  to   space 1024K, 0% used [0x00000000d5900000,0x00000000d5900000,0x00000000d5a00000)
 ParOldGen       total 177664K, used 177478K [0x0000000080000000, 0x000000008ad80000, 0x00000000d5580000)
  object space 177664K, 99% used [0x0000000080000000,0x000000008ad51bf8,0x000000008ad80000)
 Metaspace       used 55885K, committed 57024K, reserved 1114112K
  class space    used 5871K, committed 6336K, reserved 1048576K
}
Event: 49.724 GC heap before
{Heap before GC invocations=102 (full 2):
 PSYoungGen      total 3584K, used 3162K [0x00000000d5580000, 0x00000000d5a00000, 0x0000000100000000)
  eden space 2560K, 100% used [0x00000000d5580000,0x00000000d5800000,0x00000000d5800000)
  from space 1024K, 58% used [0x00000000d5800000,0x00000000d5896b60,0x00000000d5900000)
  to   space 1024K, 0% used [0x00000000d5900000,0x00000000d5900000,0x00000000d5a00000)
 ParOldGen       total 177664K, used 177478K [0x0000000080000000, 0x000000008ad80000, 0x00000000d5580000)
  object space 177664K, 99% used [0x0000000080000000,0x000000008ad51bf8,0x000000008ad80000)
 Metaspace       used 55937K, committed 57024K, reserved 1114112K
  class space    used 5878K, committed 6336K, reserved 1048576K
}
Event: 49.727 GC heap after
{Heap after GC invocations=102 (full 2):
 PSYoungGen      total 3584K, used 608K [0x00000000d5580000, 0x00000000d5a00000, 0x0000000100000000)
  eden space 2560K, 0% used [0x00000000d5580000,0x00000000d5580000,0x00000000d5800000)
  from space 1024K, 59% used [0x00000000d5900000,0x00000000d5998000,0x00000000d5a00000)
  to   space 1024K, 0% used [0x00000000d5800000,0x00000000d5800000,0x00000000d5900000)
 ParOldGen       total 178176K, used 177941K [0x0000000080000000, 0x000000008ae00000, 0x00000000d5580000)
  object space 178176K, 99% used [0x0000000080000000,0x000000008adc5568,0x000000008ae00000)
 Metaspace       used 55937K, committed 57024K, reserved 1114112K
  class space    used 5878K, committed 6336K, reserved 1048576K
}
Event: 49.772 GC heap before
{Heap before GC invocations=103 (full 2):
 PSYoungGen      total 3584K, used 3168K [0x00000000d5580000, 0x00000000d5a00000, 0x0000000100000000)
  eden space 2560K, 100% used [0x00000000d5580000,0x00000000d5800000,0x00000000d5800000)
  from space 1024K, 59% used [0x00000000d5900000,0x00000000d5998000,0x00000000d5a00000)
  to   space 1024K, 0% used [0x00000000d5800000,0x00000000d5800000,0x00000000d5900000)
 ParOldGen       total 178176K, used 177941K [0x0000000080000000, 0x000000008ae00000, 0x00000000d5580000)
  object space 178176K, 99% used [0x0000000080000000,0x000000008adc5568,0x000000008ae00000)
 Metaspace       used 55937K, committed 57024K, reserved 1114112K
  class space    used 5878K, committed 6336K, reserved 1048576K
}
Event: 49.776 GC heap after
{Heap after GC invocations=103 (full 2):
 PSYoungGen      total 3584K, used 684K [0x00000000d5580000, 0x00000000d5a00000, 0x0000000100000000)
  eden space 2560K, 0% used [0x00000000d5580000,0x00000000d5580000,0x00000000d5800000)
  from space 1024K, 66% used [0x00000000d5800000,0x00000000d58ab098,0x00000000d5900000)
  to   space 1024K, 0% used [0x00000000d5900000,0x00000000d5900000,0x00000000d5a00000)
 ParOldGen       total 178688K, used 178487K [0x0000000080000000, 0x000000008ae80000, 0x00000000d5580000)
  object space 178688K, 99% used [0x0000000080000000,0x000000008ae4dea8,0x000000008ae80000)
 Metaspace       used 55937K, committed 57024K, reserved 1114112K
  class space    used 5878K, committed 6336K, reserved 1048576K
}
Event: 49.898 GC heap before
{Heap before GC invocations=104 (full 2):
 PSYoungGen      total 3584K, used 3244K [0x00000000d5580000, 0x00000000d5a00000, 0x0000000100000000)
  eden space 2560K, 100% used [0x00000000d5580000,0x00000000d5800000,0x00000000d5800000)
  from space 1024K, 66% used [0x00000000d5800000,0x00000000d58ab098,0x00000000d5900000)
  to   space 1024K, 0% used [0x00000000d5900000,0x00000000d5900000,0x00000000d5a00000)
 ParOldGen       total 178688K, used 178487K [0x0000000080000000, 0x000000008ae80000, 0x00000000d5580000)
  object space 178688K, 99% used [0x0000000080000000,0x000000008ae4dea8,0x000000008ae80000)
 Metaspace       used 55956K, committed 57088K, reserved 1114112K
  class space    used 5878K, committed 6336K, reserved 1048576K
}
Event: 49.900 GC heap after
{Heap after GC invocations=104 (full 2):
 PSYoungGen      total 3584K, used 590K [0x00000000d5580000, 0x00000000d5a00000, 0x0000000100000000)
  eden space 2560K, 0% used [0x00000000d5580000,0x00000000d5580000,0x00000000d5800000)
  from space 1024K, 57% used [0x00000000d5900000,0x00000000d5993ad0,0x00000000d5a00000)
  to   space 1024K, 0% used [0x00000000d5800000,0x00000000d5800000,0x00000000d5900000)
 ParOldGen       total 179200K, used 179038K [0x0000000080000000, 0x000000008af00000, 0x00000000d5580000)
  object space 179200K, 99% used [0x0000000080000000,0x000000008aed7a78,0x000000008af00000)
 Metaspace       used 55956K, committed 57088K, reserved 1114112K
  class space    used 5878K, committed 6336K, reserved 1048576K
}
Event: 49.940 GC heap before
{Heap before GC invocations=105 (full 2):
 PSYoungGen      total 3584K, used 3150K [0x00000000d5580000, 0x00000000d5a00000, 0x0000000100000000)
  eden space 2560K, 100% used [0x00000000d5580000,0x00000000d5800000,0x00000000d5800000)
  from space 1024K, 57% used [0x00000000d5900000,0x00000000d5993ad0,0x00000000d5a00000)
  to   space 1024K, 0% used [0x00000000d5800000,0x00000000d5800000,0x00000000d5900000)
 ParOldGen       total 179200K, used 179038K [0x0000000080000000, 0x000000008af00000, 0x00000000d5580000)
  object space 179200K, 99% used [0x0000000080000000,0x000000008aed7a78,0x000000008af00000)
 Metaspace       used 55963K, committed 57088K, reserved 1114112K
  class space    used 5878K, committed 6336K, reserved 1048576K
}
Event: 49.942 GC heap after
{Heap after GC invocations=105 (full 2):
 PSYoungGen      total 3584K, used 699K [0x00000000d5580000, 0x00000000d5a00000, 0x0000000100000000)
  eden space 2560K, 0% used [0x00000000d5580000,0x00000000d5580000,0x00000000d5800000)
  from space 1024K, 68% used [0x00000000d5800000,0x00000000d58aef88,0x00000000d5900000)
  to   space 1024K, 0% used [0x00000000d5900000,0x00000000d5900000,0x00000000d5a00000)
 ParOldGen       total 179712K, used 179520K [0x0000000080000000, 0x000000008af80000, 0x00000000d5580000)
  object space 179712K, 99% used [0x0000000080000000,0x000000008af500d0,0x000000008af80000)
 Metaspace       used 55963K, committed 57088K, reserved 1114112K
  class space    used 5878K, committed 6336K, reserved 1048576K
}
Event: 49.993 GC heap before
{Heap before GC invocations=106 (full 2):
 PSYoungGen      total 3584K, used 3259K [0x00000000d5580000, 0x00000000d5a00000, 0x0000000100000000)
  eden space 2560K, 100% used [0x00000000d5580000,0x00000000d5800000,0x00000000d5800000)
  from space 1024K, 68% used [0x00000000d5800000,0x00000000d58aef88,0x00000000d5900000)
  to   space 1024K, 0% used [0x00000000d5900000,0x00000000d5900000,0x00000000d5a00000)
 ParOldGen       total 179712K, used 179520K [0x0000000080000000, 0x000000008af80000, 0x00000000d5580000)
  object space 179712K, 99% used [0x0000000080000000,0x000000008af500d0,0x000000008af80000)
 Metaspace       used 55966K, committed 57088K, reserved 1114112K
  class space    used 5878K, committed 6336K, reserved 1048576K
}
Event: 49.996 GC heap after
{Heap after GC invocations=106 (full 2):
 PSYoungGen      total 3584K, used 624K [0x00000000d5580000, 0x00000000d5a00000, 0x0000000100000000)
  eden space 2560K, 0% used [0x00000000d5580000,0x00000000d5580000,0x00000000d5800000)
  from space 1024K, 60% used [0x00000000d5900000,0x00000000d599c1a8,0x00000000d5a00000)
  to   space 1024K, 0% used [0x00000000d5800000,0x00000000d5800000,0x00000000d5900000)
 ParOldGen       total 180224K, used 180072K [0x0000000080000000, 0x000000008b000000, 0x00000000d5580000)
  object space 180224K, 99% used [0x0000000080000000,0x000000008afda008,0x000000008b000000)
 Metaspace       used 55966K, committed 57088K, reserved 1114112K
  class space    used 5878K, committed 6336K, reserved 1048576K
}
Event: 50.042 GC heap before
{Heap before GC invocations=107 (full 2):
 PSYoungGen      total 3584K, used 3184K [0x00000000d5580000, 0x00000000d5a00000, 0x0000000100000000)
  eden space 2560K, 100% used [0x00000000d5580000,0x00000000d5800000,0x00000000d5800000)
  from space 1024K, 60% used [0x00000000d5900000,0x00000000d599c1a8,0x00000000d5a00000)
  to   space 1024K, 0% used [0x00000000d5800000,0x00000000d5800000,0x00000000d5900000)
 ParOldGen       total 180224K, used 180072K [0x0000000080000000, 0x000000008b000000, 0x00000000d5580000)
  object space 180224K, 99% used [0x0000000080000000,0x000000008afda008,0x000000008b000000)
 Metaspace       used 55968K, committed 57088K, reserved 1114112K
  class space    used 5878K, committed 6336K, reserved 1048576K
}
Event: 50.044 GC heap after
{Heap after GC invocations=107 (full 2):
 PSYoungGen      total 3584K, used 576K [0x00000000d5580000, 0x00000000d5a00000, 0x0000000100000000)
  eden space 2560K, 0% used [0x00000000d5580000,0x00000000d5580000,0x00000000d5800000)
  from space 1024K, 56% used [0x00000000d5800000,0x00000000d5890000,0x00000000d5900000)
  to   space 1024K, 0% used [0x00000000d5900000,0x00000000d5900000,0x00000000d5a00000)
 ParOldGen       total 180736K, used 180577K [0x0000000080000000, 0x000000008b080000, 0x00000000d5580000)
  object space 180736K, 99% used [0x0000000080000000,0x000000008b0585d0,0x000000008b080000)
 Metaspace       used 55968K, committed 57088K, reserved 1114112K
  class space    used 5878K, committed 6336K, reserved 1048576K
}

