# JRE version: OpenJDK Runtime Environment Temurin-21.0.8+9 (21.0.8+9) (build 21.0.8+9-LTS)
# Java VM: OpenJDK 64-Bit Server VM Temurin-21.0.8+9 (21.0.8+9-LTS, mixed mode, sharing, tiered, compressed oops, compressed class ptrs, parallel gc, windows-amd64)
GC Precious Log:
 CardTable entry size: 512
 CPUs: 8 total, 8 available
 Memory: 7778M
 Large Page Support: Disabled
 NUMA Support: Disabled
 Compressed Oops: Enabled (32-bit)
 Alignments: Space 512K, Generation 512K, Heap 2M
 Heap Min Capacity: 100M
 Heap Initial Capacity: 100M
 Heap Max Capacity: 2G
 Pre-touch: Disabled
 Parallel Workers: 8
Heap:
 PSYoungGen      total 3072K, used 842K [0x00000000d5580000, 0x00000000d5a00000, 0x0000000100000000)
  eden space 2560K, 15% used [0x00000000d5580000,0x00000000d55e2228,0x00000000d5800000)
  from space 512K, 100% used [0x00000000d5980000,0x00000000d5a00000,0x00000000d5a00000)
  to   space 1024K, 0% used [0x00000000d5880000,0x00000000d5880000,0x00000000d5980000)
 ParOldGen       total 355328K, used 355237K [0x0000000080000000, 0x0000000095b00000, 0x00000000d5580000)
  object space 355328K, 99% used [0x0000000080000000,0x0000000095ae94b8,0x0000000095b00000)
 Metaspace       used 57615K, committed 58944K, reserved 1114112K
  class space    used 6200K, committed 6720K, reserved 1048576K
GC Heap History (20 events):
Event: 19.277 GC heap before
{Heap before GC invocations=371 (full 2):
 PSYoungGen      total 3584K, used 3247K [0x00000000d5580000, 0x00000000d5a00000, 0x0000000100000000)
  eden space 2560K, 99% used [0x00000000d5580000,0x00000000d57fc2d8,0x00000000d5800000)
  from space 1024K, 68% used [0x00000000d5900000,0x00000000d59afbf0,0x00000000d5a00000)
  to   space 1024K, 0% used [0x00000000d5800000,0x00000000d5800000,0x00000000d5900000)
 ParOldGen       total 347136K, used 346739K [0x0000000080000000, 0x0000000095300000, 0x00000000d5580000)
  object space 347136K, 99% used [0x0000000080000000,0x000000009529cfe8,0x0000000095300000)
 Metaspace       used 57615K, committed 58944K, reserved 1114112K
  class space    used 6200K, committed 6720K, reserved 1048576K
}
Event: 19.279 GC heap after
{Heap after GC invocations=371 (full 2):
 PSYoungGen      total 3584K, used 728K [0x00000000d5580000, 0x00000000d5a00000, 0x0000000100000000)
  eden space 2560K, 0% used [0x00000000d5580000,0x00000000d5580000,0x00000000d5800000)
  from space 1024K, 71% used [0x00000000d5800000,0x00000000d58b6208,0x00000000d5900000)
  to   space 1024K, 0% used [0x00000000d5900000,0x00000000d5900000,0x00000000d5a00000)
 ParOldGen       total 347648K, used 347379K [0x0000000080000000, 0x0000000095380000, 0x00000000d5580000)
  object space 347648K, 99% used [0x0000000080000000,0x000000009533cd28,0x0000000095380000)
 Metaspace       used 57615K, committed 58944K, reserved 1114112K
  class space    used 6200K, committed 6720K, reserved 1048576K
}
Event: 19.295 GC heap before
{Heap before GC invocations=372 (full 2):
 PSYoungGen      total 3584K, used 3288K [0x00000000d5580000, 0x00000000d5a00000, 0x0000000100000000)
  eden space 2560K, 100% used [0x00000000d5580000,0x00000000d5800000,0x00000000d5800000)
  from space 1024K, 71% used [0x00000000d5800000,0x00000000d58b6208,0x00000000d5900000)
  to   space 1024K, 0% used [0x00000000d5900000,0x00000000d5900000,0x00000000d5a00000)
 ParOldGen       total 347648K, used 347379K [0x0000000080000000, 0x0000000095380000, 0x00000000d5580000)
  object space 347648K, 99% used [0x0000000080000000,0x000000009533cd28,0x0000000095380000)
 Metaspace       used 57615K, committed 58944K, reserved 1114112K
  class space    used 6200K, committed 6720K, reserved 1048576K
}
Event: 19.300 GC heap after
{Heap after GC invocations=372 (full 2):
 PSYoungGen      total 3584K, used 833K [0x00000000d5580000, 0x00000000d5a00000, 0x0000000100000000)
  eden space 2560K, 0% used [0x00000000d5580000,0x00000000d5580000,0x00000000d5800000)
  from space 1024K, 81% used [0x00000000d5900000,0x00000000d59d0630,0x00000000d5a00000)
  to   space 1024K, 0% used [0x00000000d5800000,0x00000000d5800000,0x00000000d5900000)
 ParOldGen       total 348160K, used 347980K [0x0000000080000000, 0x0000000095400000, 0x00000000d5580000)
  object space 348160K, 99% used [0x0000000080000000,0x00000000953d3338,0x0000000095400000)
 Metaspace       used 57615K, committed 58944K, reserved 1114112K
  class space    used 6200K, committed 6720K, reserved 1048576K
}
Event: 19.317 GC heap before
{Heap before GC invocations=373 (full 2):
 PSYoungGen      total 3584K, used 3393K [0x00000000d5580000, 0x00000000d5a00000, 0x0000000100000000)
  eden space 2560K, 100% used [0x00000000d5580000,0x00000000d5800000,0x00000000d5800000)
  from space 1024K, 81% used [0x00000000d5900000,0x00000000d59d0630,0x00000000d5a00000)
  to   space 1024K, 0% used [0x00000000d5800000,0x00000000d5800000,0x00000000d5900000)
 ParOldGen       total 348160K, used 347980K [0x0000000080000000, 0x0000000095400000, 0x00000000d5580000)
  object space 348160K, 99% used [0x0000000080000000,0x00000000953d3338,0x0000000095400000)
 Metaspace       used 57615K, committed 58944K, reserved 1114112K
  class space    used 6200K, committed 6720K, reserved 1048576K
}
Event: 19.325 GC heap after
{Heap after GC invocations=373 (full 2):
 PSYoungGen      total 3584K, used 721K [0x00000000d5580000, 0x00000000d5a00000, 0x0000000100000000)
  eden space 2560K, 0% used [0x00000000d5580000,0x00000000d5580000,0x00000000d5800000)
  from space 1024K, 70% used [0x00000000d5800000,0x00000000d58b4710,0x00000000d5900000)
  to   space 1024K, 0% used [0x00000000d5900000,0x00000000d5900000,0x00000000d5a00000)
 ParOldGen       total 349184K, used 348685K [0x0000000080000000, 0x0000000095500000, 0x00000000d5580000)
  object space 349184K, 99% used [0x0000000080000000,0x0000000095483440,0x0000000095500000)
 Metaspace       used 57615K, committed 58944K, reserved 1114112K
  class space    used 6200K, committed 6720K, reserved 1048576K
}
Event: 19.355 GC heap before
{Heap before GC invocations=374 (full 2):
 PSYoungGen      total 3584K, used 3281K [0x00000000d5580000, 0x00000000d5a00000, 0x0000000100000000)
  eden space 2560K, 100% used [0x00000000d5580000,0x00000000d5800000,0x00000000d5800000)
  from space 1024K, 70% used [0x00000000d5800000,0x00000000d58b4710,0x00000000d5900000)
  to   space 1024K, 0% used [0x00000000d5900000,0x00000000d5900000,0x00000000d5a00000)
 ParOldGen       total 349184K, used 348685K [0x0000000080000000, 0x0000000095500000, 0x00000000d5580000)
  object space 349184K, 99% used [0x0000000080000000,0x0000000095483440,0x0000000095500000)
 Metaspace       used 57615K, committed 58944K, reserved 1114112K
  class space    used 6200K, committed 6720K, reserved 1048576K
}
Event: 19.360 GC heap after
{Heap after GC invocations=374 (full 2):
 PSYoungGen      total 3584K, used 723K [0x00000000d5580000, 0x00000000d5a00000, 0x0000000100000000)
  eden space 2560K, 0% used [0x00000000d5580000,0x00000000d5580000,0x00000000d5800000)
  from space 1024K, 70% used [0x00000000d5900000,0x00000000d59b4cc0,0x00000000d5a00000)
  to   space 1024K, 0% used [0x00000000d5800000,0x00000000d5800000,0x00000000d5900000)
 ParOldGen       total 349696K, used 349278K [0x0000000080000000, 0x0000000095580000, 0x00000000d5580000)
  object space 349696K, 99% used [0x0000000080000000,0x0000000095517840,0x0000000095580000)
 Metaspace       used 57615K, committed 58944K, reserved 1114112K
  class space    used 6200K, committed 6720K, reserved 1048576K
}
Event: 19.406 GC heap before
{Heap before GC invocations=375 (full 2):
 PSYoungGen      total 3584K, used 3076K [0x00000000d5580000, 0x00000000d5a00000, 0x0000000100000000)
  eden space 2560K, 91% used [0x00000000d5580000,0x00000000d57cc630,0x00000000d5800000)
  from space 1024K, 70% used [0x00000000d5900000,0x00000000d59b4cc0,0x00000000d5a00000)
  to   space 1024K, 0% used [0x00000000d5800000,0x00000000d5800000,0x00000000d5900000)
 ParOldGen       total 349696K, used 349278K [0x0000000080000000, 0x0000000095580000, 0x00000000d5580000)
  object space 349696K, 99% used [0x0000000080000000,0x0000000095517840,0x0000000095580000)
 Metaspace       used 57615K, committed 58944K, reserved 1114112K
  class space    used 6200K, committed 6720K, reserved 1048576K
}
Event: 19.411 GC heap after
{Heap after GC invocations=375 (full 2):
 PSYoungGen      total 3584K, used 830K [0x00000000d5580000, 0x00000000d5a00000, 0x0000000100000000)
  eden space 2560K, 0% used [0x00000000d5580000,0x00000000d5580000,0x00000000d5800000)
  from space 1024K, 81% used [0x00000000d5800000,0x00000000d58cf9c0,0x00000000d5900000)
  to   space 1024K, 0% used [0x00000000d5900000,0x00000000d5900000,0x00000000d5a00000)
 ParOldGen       total 350208K, used 349926K [0x0000000080000000, 0x0000000095600000, 0x00000000d5580000)
  object space 350208K, 99% used [0x0000000080000000,0x00000000955b9960,0x0000000095600000)
 Metaspace       used 57615K, committed 58944K, reserved 1114112K
  class space    used 6200K, committed 6720K, reserved 1048576K
}
Event: 19.429 GC heap before
{Heap before GC invocations=376 (full 2):
 PSYoungGen      total 3584K, used 3311K [0x00000000d5580000, 0x00000000d5a00000, 0x0000000100000000)
  eden space 2560K, 96% used [0x00000000d5580000,0x00000000d57ec360,0x00000000d5800000)
  from space 1024K, 81% used [0x00000000d5800000,0x00000000d58cf9c0,0x00000000d5900000)
  to   space 1024K, 0% used [0x00000000d5900000,0x00000000d5900000,0x00000000d5a00000)
 ParOldGen       total 350208K, used 349926K [0x0000000080000000, 0x0000000095600000, 0x00000000d5580000)
  object space 350208K, 99% used [0x0000000080000000,0x00000000955b9960,0x0000000095600000)
 Metaspace       used 57615K, committed 58944K, reserved 1114112K
  class space    used 6200K, committed 6720K, reserved 1048576K
}
Event: 19.431 GC heap after
{Heap after GC invocations=376 (full 2):
 PSYoungGen      total 3584K, used 796K [0x00000000d5580000, 0x00000000d5a00000, 0x0000000100000000)
  eden space 2560K, 0% used [0x00000000d5580000,0x00000000d5580000,0x00000000d5800000)
  from space 1024K, 77% used [0x00000000d5900000,0x00000000d59c71b0,0x00000000d5a00000)
  to   space 1024K, 0% used [0x00000000d5800000,0x00000000d5800000,0x00000000d5900000)
 ParOldGen       total 351232K, used 350983K [0x0000000080000000, 0x0000000095700000, 0x00000000d5580000)
  object space 351232K, 99% used [0x0000000080000000,0x00000000956c1f28,0x0000000095700000)
 Metaspace       used 57615K, committed 58944K, reserved 1114112K
  class space    used 6200K, committed 6720K, reserved 1048576K
}
Event: 19.447 GC heap before
{Heap before GC invocations=377 (full 2):
 PSYoungGen      total 3584K, used 3318K [0x00000000d5580000, 0x00000000d5a00000, 0x0000000100000000)
  eden space 2560K, 98% used [0x00000000d5580000,0x00000000d57f6808,0x00000000d5800000)
  from space 1024K, 77% used [0x00000000d5900000,0x00000000d59c71b0,0x00000000d5a00000)
  to   space 1024K, 0% used [0x00000000d5800000,0x00000000d5800000,0x00000000d5900000)
 ParOldGen       total 351232K, used 350983K [0x0000000080000000, 0x0000000095700000, 0x00000000d5580000)
  object space 351232K, 99% used [0x0000000080000000,0x00000000956c1f28,0x0000000095700000)
 Metaspace       used 57615K, committed 58944K, reserved 1114112K
  class space    used 6200K, committed 6720K, reserved 1048576K
}
Event: 19.449 GC heap after
{Heap after GC invocations=377 (full 2):
 PSYoungGen      total 3584K, used 1020K [0x00000000d5580000, 0x00000000d5c00000, 0x0000000100000000)
  eden space 2560K, 0% used [0x00000000d5580000,0x00000000d5580000,0x00000000d5800000)
  from space 1024K, 99% used [0x00000000d5800000,0x00000000d58ff068,0x00000000d5900000)
  to   space 2048K, 0% used [0x00000000d5a00000,0x00000000d5a00000,0x00000000d5c00000)
 ParOldGen       total 352256K, used 351757K [0x0000000080000000, 0x0000000095800000, 0x00000000d5580000)
  object space 352256K, 99% used [0x0000000080000000,0x00000000957834b8,0x0000000095800000)
 Metaspace       used 57615K, committed 58944K, reserved 1114112K
  class space    used 6200K, committed 6720K, reserved 1048576K
}
Event: 19.462 GC heap before
{Heap before GC invocations=378 (full 2):
 PSYoungGen      total 3584K, used 3580K [0x00000000d5580000, 0x00000000d5c00000, 0x0000000100000000)
  eden space 2560K, 100% used [0x00000000d5580000,0x00000000d5800000,0x00000000d5800000)
  from space 1024K, 99% used [0x00000000d5800000,0x00000000d58ff068,0x00000000d5900000)
  to   space 2048K, 0% used [0x00000000d5a00000,0x00000000d5a00000,0x00000000d5c00000)
 ParOldGen       total 352256K, used 351757K [0x0000000080000000, 0x0000000095800000, 0x00000000d5580000)
  object space 352256K, 99% used [0x0000000080000000,0x00000000957834b8,0x0000000095800000)
 Metaspace       used 57615K, committed 58944K, reserved 1114112K
  class space    used 6200K, committed 6720K, reserved 1048576K
}
Event: 19.466 GC heap after
{Heap after GC invocations=378 (full 2):
 PSYoungGen      total 3584K, used 925K [0x00000000d5580000, 0x00000000d5b00000, 0x0000000100000000)
  eden space 2560K, 0% used [0x00000000d5580000,0x00000000d5580000,0x00000000d5800000)
  from space 1024K, 90% used [0x00000000d5a00000,0x00000000d5ae7708,0x00000000d5b00000)
  to   space 1536K, 0% used [0x00000000d5800000,0x00000000d5800000,0x00000000d5980000)
 ParOldGen       total 352768K, used 352496K [0x0000000080000000, 0x0000000095880000, 0x00000000d5580000)
  object space 352768K, 99% used [0x0000000080000000,0x000000009583c000,0x0000000095880000)
 Metaspace       used 57615K, committed 58944K, reserved 1114112K
  class space    used 6200K, committed 6720K, reserved 1048576K
}
Event: 19.533 GC heap before
{Heap before GC invocations=379 (full 2):
 PSYoungGen      total 3584K, used 3485K [0x00000000d5580000, 0x00000000d5b00000, 0x0000000100000000)
  eden space 2560K, 100% used [0x00000000d5580000,0x00000000d5800000,0x00000000d5800000)
  from space 1024K, 90% used [0x00000000d5a00000,0x00000000d5ae7708,0x00000000d5b00000)
  to   space 1536K, 0% used [0x00000000d5800000,0x00000000d5800000,0x00000000d5980000)
 ParOldGen       total 352768K, used 352496K [0x0000000080000000, 0x0000000095880000, 0x00000000d5580000)
  object space 352768K, 99% used [0x0000000080000000,0x000000009583c000,0x0000000095880000)
 Metaspace       used 57615K, committed 58944K, reserved 1114112K
  class space    used 6200K, committed 6720K, reserved 1048576K
}
Event: 19.537 GC heap after
{Heap after GC invocations=379 (full 2):
 PSYoungGen      total 4096K, used 720K [0x00000000d5580000, 0x00000000d5a80000, 0x0000000100000000)
  eden space 2560K, 0% used [0x00000000d5580000,0x00000000d5580000,0x00000000d5800000)
  from space 1536K, 46% used [0x00000000d5800000,0x00000000d58b42c8,0x00000000d5980000)
  to   space 1024K, 0% used [0x00000000d5980000,0x00000000d5980000,0x00000000d5a80000)
 ParOldGen       total 353792K, used 353307K [0x0000000080000000, 0x0000000095980000, 0x00000000d5580000)
  object space 353792K, 99% used [0x0000000080000000,0x0000000095906db8,0x0000000095980000)
 Metaspace       used 57615K, committed 58944K, reserved 1114112K
  class space    used 6200K, committed 6720K, reserved 1048576K
}
Event: 19.623 GC heap before
{Heap before GC invocations=380 (full 2):
 PSYoungGen      total 4096K, used 3280K [0x00000000d5580000, 0x00000000d5a80000, 0x0000000100000000)
  eden space 2560K, 100% used [0x00000000d5580000,0x00000000d5800000,0x00000000d5800000)
  from space 1536K, 46% used [0x00000000d5800000,0x00000000d58b42c8,0x00000000d5980000)
  to   space 1024K, 0% used [0x00000000d5980000,0x00000000d5980000,0x00000000d5a80000)
 ParOldGen       total 353792K, used 353307K [0x0000000080000000, 0x0000000095980000, 0x00000000d5580000)
  object space 353792K, 99% used [0x0000000080000000,0x0000000095906db8,0x0000000095980000)
 Metaspace       used 57615K, committed 58944K, reserved 1114112K
  class space    used 6200K, committed 6720K, reserved 1048576K
}
Event: 19.627 GC heap after
{Heap after GC invocations=380 (full 2):
 PSYoungGen      total 3584K, used 725K [0x00000000d5580000, 0x00000000d5a80000, 0x0000000100000000)
  eden space 2560K, 0% used [0x00000000d5580000,0x00000000d5580000,0x00000000d5800000)
  from space 1024K, 70% used [0x00000000d5980000,0x00000000d5a35648,0x00000000d5a80000)
  to   space 1024K, 0% used [0x00000000d5880000,0x00000000d5880000,0x00000000d5980000)
 ParOldGen       total 354304K, used 353905K [0x0000000080000000, 0x0000000095a00000, 0x00000000d5580000)
  object space 354304K, 99% used [0x0000000080000000,0x000000009599c7a0,0x0000000095a00000)
 Metaspace       used 57615K, committed 58944K, reserved 1114112K
  class space    used 6200K, committed 6720K, reserved 1048576K
}

